../src/transpose.c:6:9: warning: 'N' macro redefined [-Wmacro-redefined]
    6 | #define N 2000
      |         ^
<command line>:3:9: note: previous definition is here
    3 | #define N 64
      |         ^
1 warning generated.

 Performance counter stats for '../bin/transpose.out 64':

       451,842,728      L1-dcache-load-misses:u          #   24.31% of all L1-dcache accesses  (85.46%)
     1,859,034,248      L1-dcache-loads:u                                                    (85.46%)
         3,243,882      L1-dcache-prefetches:u                                               (85.46%)
            72,230      L1-icache-load-misses:u          #    1.21% of all L1-icache accesses  (85.92%)
         5,961,576      L1-icache-loads:u                                                    (86.00%)
       744,679,816 ns   duration_time:u                                                    
     2,440,149,292      cpu-cycles:u                                                         (86.00%)
     1,233,459,826      instructions:u                   #    0.51  insn per cycle           (85.71%)

       0.744679816 seconds time elapsed

       0.732203000 seconds user
       0.012003000 seconds sys


../src/transpose.c:6:9: warning: 'N' macro redefined [-Wmacro-redefined]
    6 | #define N 2000
      |         ^
<command line>:3:9: note: previous definition is here
    3 | #define N 128
      |         ^
1 warning generated.

 Performance counter stats for '../bin/transpose.out 128':

       452,371,285      L1-dcache-load-misses:u          #   24.28% of all L1-dcache accesses  (85.45%)
     1,863,217,818      L1-dcache-loads:u                                                    (85.45%)
         3,271,091      L1-dcache-prefetches:u                                               (85.45%)
            74,234      L1-icache-load-misses:u          #    1.18% of all L1-icache accesses  (85.97%)
         6,281,587      L1-icache-loads:u                                                    (85.99%)
       743,849,830 ns   duration_time:u                                                    
     2,445,648,521      cpu-cycles:u                                                         (85.99%)
     1,229,066,556      instructions:u                   #    0.50  insn per cycle           (85.70%)

       0.743849830 seconds time elapsed

       0.719753000 seconds user
       0.023859000 seconds sys


../src/transpose.c:6:9: warning: 'N' macro redefined [-Wmacro-redefined]
    6 | #define N 2000
      |         ^
<command line>:3:9: note: previous definition is here
    3 | #define N 2048
      |         ^
1 warning generated.

 Performance counter stats for '../bin/transpose.out 2048':

       453,151,689      L1-dcache-load-misses:u          #   24.42% of all L1-dcache accesses  (85.31%)
     1,855,649,985      L1-dcache-loads:u                                                    (85.86%)
         3,309,867      L1-dcache-prefetches:u                                               (85.86%)
            75,916      L1-icache-load-misses:u          #    1.22% of all L1-icache accesses  (85.86%)
         6,200,753      L1-icache-loads:u                                                    (85.86%)
       708,399,857 ns   duration_time:u                                                    
     2,331,294,126      cpu-cycles:u                                                         (85.86%)
     1,250,333,509      instructions:u                   #    0.54  insn per cycle           (85.40%)

       0.708399857 seconds time elapsed

       0.696154000 seconds user
       0.011934000 seconds sys


