../src/matrix_multiply.c:7:9: warning: 'MSIZE' macro redefined [-Wmacro-redefined]
    7 | #define MSIZE 1000
      |         ^
<command line>:3:9: note: previous definition is here
    3 | #define MSIZE 64
      |         ^
1 warning generated.

 Performance counter stats for '../bin/matrix_multiply.out 64':

    12,447,178,844      L1-dcache-load-misses:u          #   56.19% of all L1-dcache accesses  (85.70%)
    22,152,229,920      L1-dcache-loads:u                                                    (85.70%)
     1,340,778,164      L1-dcache-prefetches:u                                               (85.72%)
           757,803      L1-icache-load-misses:u          #    1.27% of all L1-icache accesses  (85.72%)
        59,762,202      L1-icache-loads:u                                                    (85.72%)
    17,847,175,058 ns   duration_time:u                                                    
    59,977,130,613      cpu-cycles:u                                                         (85.72%)
    31,057,231,261      instructions:u                   #    0.52  insn per cycle           (85.71%)

      17.847175058 seconds time elapsed

      17.837327000 seconds user
       0.008000000 seconds sys


../src/matrix_multiply_opt.c:7:9: warning: 'MSIZE' macro redefined [-Wmacro-redefined]
    7 | #define MSIZE 1000
      |         ^
<command line>:3:9: note: previous definition is here
    3 | #define MSIZE 64
      |         ^
1 warning generated.

 Performance counter stats for '../bin/matrix_multiply_opt.out 64':

     1,414,502,987      L1-dcache-load-misses:u          #   16.48% of all L1-dcache accesses  (85.71%)
     8,583,988,943      L1-dcache-loads:u                                                    (85.73%)
       502,843,952      L1-dcache-prefetches:u                                               (85.72%)
           548,527      L1-icache-load-misses:u          #    1.02% of all L1-icache accesses  (85.72%)
        53,819,419      L1-icache-loads:u                                                    (85.72%)
     1,459,083,192 ns   duration_time:u                                                    
     4,883,677,411      cpu-cycles:u                                                         (85.72%)
    10,753,659,150      instructions:u                   #    2.20  insn per cycle           (85.67%)

       1.459083192 seconds time elapsed

       1.454686000 seconds user
       0.004007000 seconds sys



 Performance counter stats for '../bin/matrix_multiply.out 1000':

    12,454,279,209      L1-dcache-load-misses:u          #   56.25% of all L1-dcache accesses  (85.71%)
    22,141,983,417      L1-dcache-loads:u                                                    (85.72%)
     1,339,577,512      L1-dcache-prefetches:u                                               (85.72%)
           788,616      L1-icache-load-misses:u          #    1.33% of all L1-icache accesses  (85.72%)
        59,396,689      L1-icache-loads:u                                                    (85.72%)
    17,143,238,458 ns   duration_time:u                                                    
    57,629,423,858      cpu-cycles:u                                                         (85.72%)
    31,083,034,781      instructions:u                   #    0.54  insn per cycle           (85.70%)

      17.143238458 seconds time elapsed

      17.128017000 seconds user
       0.011997000 seconds sys



 Performance counter stats for '../bin/matrix_multiply_opt.out 1000':

     1,411,174,591      L1-dcache-load-misses:u          #   16.44% of all L1-dcache accesses  (85.53%)
     8,585,103,529      L1-dcache-loads:u                                                    (85.68%)
       520,487,921      L1-dcache-prefetches:u                                               (85.78%)
           562,925      L1-icache-load-misses:u          #    1.01% of all L1-icache accesses  (85.79%)
        55,740,581      L1-icache-loads:u                                                    (85.79%)
     1,605,147,897 ns   duration_time:u                                                    
     5,376,506,580      cpu-cycles:u                                                         (85.79%)
    10,711,889,156      instructions:u                   #    1.99  insn per cycle           (85.64%)

       1.605147897 seconds time elapsed

       1.604658000 seconds user
       0.000000000 seconds sys


