# started on Sat May 17 19:40:17 2025


 Performance counter stats for '../bin/ex2_parallel_weak_n2_sum.out':

     1,086,392,105      all_dc_accesses:u                #    2.284 G/sec                    (33.84%)
            475.69 msec task-clock:u                     #    0.497 CPUs utilized          
                 0      context-switches:u               #    0.000 /sec                   
                 0      all_tlbs_flushed:u               #    0.000 /sec                     (34.09%)
           627,438      l1_dtlb_misses:u                 #    1.319 M/sec                    (34.20%)
         2,429,658      l2_cache_accesses_from_dc_misses:u #    5.108 M/sec                    (35.11%)
           735,314      l2_cache_accesses_from_ic_misses:u #    1.546 M/sec                    (35.08%)
           813,822      l2_cache_hits_from_dc_misses:u   #    1.711 M/sec                    (35.51%)
           911,267      l2_cache_hits_from_ic_misses:u   #    1.916 M/sec                    (35.43%)
            22,674      l2_cache_hits_from_l2_hwpf:u     #   47.666 K/sec                    (35.36%)
            56,689      l2_cache_misses_from_dc_misses:u #  119.173 K/sec                    (36.25%)
           102,293      l2_cache_misses_from_ic_miss:u   #  215.043 K/sec                    (36.24%)
             9,168      l2_dtlb_misses:u                 #   19.273 K/sec                    (35.92%)
             5,104      l2_itlb_misses:u                 #   10.730 K/sec                    (36.59%)
             1,043      sse_avx_stalls:u                 #    2.193 K/sec                    (36.59%)
     2,836,885,448      uops_dispatched:u                #    5.964 G/sec                    (36.17%)
     2,988,543,986      uops_retired:u                   #    6.283 G/sec                    (34.51%)
   <not supported>      l3_accesses:u                                               
   <not supported>      l3_misses:u                                                 
       956,244,831 ns   duration_time:u                  #    2.010 G/sec                  
     1,286,144,540      cpu-cycles:u                     #    2.704 GHz                      (34.66%)
     2,834,930,847      instructions:u                   #    2.20  insn per cycle           (34.45%)

       0.956244831 seconds time elapsed

       0.393782000 seconds user
       0.084155000 seconds sys


