# started on Sat May 17 19:40:19 2025


 Performance counter stats for '../bin/ex2_parallel_weak_n2_sum.out':

     2,151,331,592      all_dc_accesses:u                #    3.068 G/sec                    (34.39%)
            701.33 msec task-clock:u                     #    0.497 CPUs utilized          
                 0      context-switches:u               #    0.000 /sec                   
                 0      all_tlbs_flushed:u               #    0.000 /sec                     (35.48%)
           538,377      l1_dtlb_misses:u                 #  767.656 K/sec                    (36.04%)
         2,877,517      l2_cache_accesses_from_dc_misses:u #    4.103 M/sec                    (37.11%)
         1,527,104      l2_cache_accesses_from_ic_misses:u #    2.177 M/sec                    (37.38%)
         1,169,989      l2_cache_hits_from_dc_misses:u   #    1.668 M/sec                    (37.38%)
         1,226,901      l2_cache_hits_from_ic_misses:u   #    1.749 M/sec                    (37.51%)
            42,547      l2_cache_hits_from_l2_hwpf:u     #   60.667 K/sec                    (36.54%)
            96,361      l2_cache_misses_from_dc_misses:u #  137.398 K/sec                    (35.87%)
           151,411      l2_cache_misses_from_ic_miss:u   #  215.892 K/sec                    (35.50%)
            29,994      l2_dtlb_misses:u                 #   42.768 K/sec                    (34.89%)
            11,448      l2_itlb_misses:u                 #   16.323 K/sec                    (34.26%)
             1,987      sse_avx_stalls:u                 #    2.833 K/sec                    (33.26%)
     4,332,447,682      uops_dispatched:u                #    6.178 G/sec                    (33.65%)
     4,632,437,097      uops_retired:u                   #    6.605 G/sec                    (34.05%)
   <not supported>      l3_accesses:u                                               
   <not supported>      l3_misses:u                                                 
     1,412,327,755 ns   duration_time:u                  #    2.014 G/sec                  
     1,939,063,653      cpu-cycles:u                     #    2.765 GHz                      (33.29%)
     4,842,829,537      instructions:u                   #    2.50  insn per cycle           (33.41%)

       1.412327755 seconds time elapsed

       0.596460000 seconds user
       0.110601000 seconds sys


