# started on Sat May 17 19:40:14 2025


 Performance counter stats for '../bin/ex2_parallel_weak_n2_sum.out':

     3,260,697,675      all_dc_accesses:u                #    2.940 G/sec                    (35.49%)
          1,109.10 msec task-clock:u                     #    0.498 CPUs utilized          
                 0      context-switches:u               #    0.000 /sec                   
                 0      all_tlbs_flushed:u               #    0.000 /sec                     (35.72%)
           522,027      l1_dtlb_misses:u                 #  470.678 K/sec                    (35.82%)
         3,842,705      l2_cache_accesses_from_dc_misses:u #    3.465 M/sec                    (36.15%)
         1,033,602      l2_cache_accesses_from_ic_misses:u #  931.931 K/sec                    (35.68%)
         1,633,528      l2_cache_hits_from_dc_misses:u   #    1.473 M/sec                    (35.88%)
           485,144      l2_cache_hits_from_ic_misses:u   #  437.423 K/sec                    (35.38%)
         1,133,103      l2_cache_hits_from_l2_hwpf:u     #    1.022 M/sec                    (35.15%)
         1,436,299      l2_cache_misses_from_dc_misses:u #    1.295 M/sec                    (34.75%)
           115,659      l2_cache_misses_from_ic_miss:u   #  104.282 K/sec                    (34.57%)
           118,077      l2_dtlb_misses:u                 #  106.462 K/sec                    (34.91%)
             4,204      l2_itlb_misses:u                 #    3.790 K/sec                    (34.89%)
             1,071      sse_avx_stalls:u                 #  965.651 /sec                     (34.89%)
     6,850,367,578      uops_dispatched:u                #    6.177 G/sec                    (35.20%)
     7,396,366,511      uops_retired:u                   #    6.669 G/sec                    (35.04%)
   <not supported>      l3_accesses:u                                               
   <not supported>      l3_misses:u                                                 
     2,225,485,675 ns   duration_time:u                  #    2.007 G/sec                  
     3,022,623,854      cpu-cycles:u                     #    2.725 GHz                      (35.51%)
     7,475,282,330      instructions:u                   #    2.47  insn per cycle           (34.97%)

       2.225485675 seconds time elapsed

       0.916461000 seconds user
       0.196098000 seconds sys


