# started on Sat May 17 19:40:21 2025


 Performance counter stats for '../bin/ex2_parallel_weak_n2_sum.out':

     4,979,982,637      all_dc_accesses:u                #    3.170 G/sec                    (34.84%)
          1,571.06 msec task-clock:u                     #    0.495 CPUs utilized          
                 0      context-switches:u               #    0.000 /sec                   
                 0      all_tlbs_flushed:u               #    0.000 /sec                     (35.49%)
           604,920      l1_dtlb_misses:u                 #  385.040 K/sec                    (35.29%)
        36,864,520      l2_cache_accesses_from_dc_misses:u #   23.465 M/sec                    (35.43%)
         1,955,047      l2_cache_accesses_from_ic_misses:u #    1.244 M/sec                    (35.42%)
        31,623,486      l2_cache_hits_from_dc_misses:u   #   20.129 M/sec                    (35.65%)
         1,578,847      l2_cache_hits_from_ic_misses:u   #    1.005 M/sec                    (35.57%)
         4,982,096      l2_cache_hits_from_l2_hwpf:u     #    3.171 M/sec                    (35.17%)
         1,173,264      l2_cache_misses_from_dc_misses:u #  746.798 K/sec                    (35.39%)
           133,571      l2_cache_misses_from_ic_miss:u   #   85.020 K/sec                    (35.63%)
            19,125      l2_dtlb_misses:u                 #   12.173 K/sec                    (35.45%)
             6,517      l2_itlb_misses:u                 #    4.148 K/sec                    (35.44%)
             2,086      sse_avx_stalls:u                 #    1.328 K/sec                    (35.41%)
     8,820,816,934      uops_dispatched:u                #    5.615 G/sec                    (35.38%)
    10,134,845,613      uops_retired:u                   #    6.451 G/sec                    (34.78%)
   <not supported>      l3_accesses:u                                               
   <not supported>      l3_misses:u                                                 
     3,175,843,178 ns   duration_time:u                  #    2.021 G/sec                  
     3,983,611,964      cpu-cycles:u                     #    2.536 GHz                      (34.92%)
     9,851,711,652      instructions:u                   #    2.47  insn per cycle           (34.75%)

       3.175843178 seconds time elapsed

       1.334102000 seconds user
       0.242926000 seconds sys


