# started on Fri May 16 20:21:17 2025


 Performance counter stats for '../bin/ex2_parallel_weak_n2_sum.out':

        31,340,818      all_dc_accesses:u                #  882.285 M/sec                    (11.26%)
             35.52 msec task-clock:u                     #    0.959 CPUs utilized          
                 0      context-switches:u               #    0.000 /sec                   
                 0      all_tlbs_flushed:u               #    0.000 /sec                     (48.71%)
           127,788      l1_dtlb_misses:u                 #    3.597 M/sec                    (97.36%)
            63,773      l2_cache_accesses_from_dc_misses:u #    1.795 M/sec                  
            67,683      l2_cache_accesses_from_ic_misses:u #    1.905 M/sec                  
            57,442      l2_cache_hits_from_dc_misses:u   #    1.617 M/sec                  
            20,971      l2_cache_hits_from_ic_misses:u   #  590.361 K/sec                    (88.74%)
                 0      l2_cache_hits_from_l2_hwpf:u     #    0.000 /sec                     (51.29%)
                 0      l2_cache_misses_from_dc_misses:u #    0.000 /sec                     (2.64%)
     <not counted>      l2_cache_misses_from_ic_miss:u                                     (0.00%)
     <not counted>      l2_dtlb_misses:u                                              (0.00%)
     <not counted>      l2_itlb_misses:u                                              (0.00%)
     <not counted>      sse_avx_stalls:u                                              (0.00%)
     <not counted>      uops_dispatched:u                                             (0.00%)
     <not counted>      uops_retired:u                                                (0.00%)
   <not supported>      l3_accesses:u                                               
   <not supported>      l3_misses:u                                                 
        37,038,150 ns   duration_time:u                  #    1.043 G/sec                  
     <not counted>      cpu-cycles:u                                                  (0.00%)
     <not counted>      instructions:u                                                (0.00%)

       0.037038150 seconds time elapsed

       0.000000000 seconds user
       0.036236000 seconds sys


Some events weren't counted. Try disabling the NMI watchdog:
	echo 0 > /proc/sys/kernel/nmi_watchdog
	perf stat ...
	echo 1 > /proc/sys/kernel/nmi_watchdog
