# started on Sat May 17 19:40:00 2025


 Performance counter stats for '../bin/ex2_parallel_weak_n2_sum.out':

     1,316,026,603      all_dc_accesses:u                #    3.033 G/sec                    (32.95%)
            433.89 msec task-clock:u                     #    0.328 CPUs utilized          
                 0      context-switches:u               #    0.000 /sec                   
                 0      all_tlbs_flushed:u               #    0.000 /sec                     (33.29%)
            75,336      l1_dtlb_misses:u                 #  173.627 K/sec                    (35.21%)
           952,825      l2_cache_accesses_from_dc_misses:u #    2.196 M/sec                    (36.55%)
           989,381      l2_cache_accesses_from_ic_misses:u #    2.280 M/sec                    (37.49%)
           773,906      l2_cache_hits_from_dc_misses:u   #    1.784 M/sec                    (38.04%)
           922,073      l2_cache_hits_from_ic_misses:u   #    2.125 M/sec                    (38.45%)
            77,927      l2_cache_hits_from_l2_hwpf:u     #  179.599 K/sec                    (39.02%)
           178,775      l2_cache_misses_from_dc_misses:u #  412.024 K/sec                    (37.33%)
           156,813      l2_cache_misses_from_ic_miss:u   #  361.408 K/sec                    (35.98%)
            24,321      l2_dtlb_misses:u                 #   56.053 K/sec                    (35.03%)
            15,020      l2_itlb_misses:u                 #   34.617 K/sec                    (34.63%)
             3,584      sse_avx_stalls:u                 #    8.260 K/sec                    (34.07%)
     2,872,120,998      uops_dispatched:u                #    6.619 G/sec                    (33.19%)
     3,176,736,924      uops_retired:u                   #    7.321 G/sec                    (32.82%)
   <not supported>      l3_accesses:u                                               
   <not supported>      l3_misses:u                                                 
     1,323,254,811 ns   duration_time:u                  #    3.050 G/sec                  
     1,115,669,299      cpu-cycles:u                     #    2.571 GHz                      (32.97%)
     4,459,282,250      instructions:u                   #    4.00  insn per cycle           (32.98%)

       1.323254811 seconds time elapsed

       0.292013000 seconds user
       0.140166000 seconds sys


