# started on Fri May 16 20:21:25 2025


 Performance counter stats for '../bin/ex2_parallel_weak_n2_sum.out':

         7,178,157      all_dc_accesses:u                #   96.341 M/sec                    (37.22%)
             74.51 msec task-clock:u                     #    0.124 CPUs utilized          
                 0      context-switches:u               #    0.000 /sec                   
                 0      all_tlbs_flushed:u               #    0.000 /sec                     (41.44%)
           332,714      l1_dtlb_misses:u                 #    4.465 M/sec                    (41.10%)
           302,110      l2_cache_accesses_from_dc_misses:u #    4.055 M/sec                    (41.09%)
           399,530      l2_cache_accesses_from_ic_misses:u #    5.362 M/sec                    (41.09%)
           302,345      l2_cache_hits_from_dc_misses:u   #    4.058 M/sec                    (41.09%)
           424,597      l2_cache_hits_from_ic_misses:u   #    5.699 M/sec                    (36.00%)
            92,617      l2_cache_hits_from_l2_hwpf:u     #    1.243 M/sec                    (31.79%)
            80,887      l2_cache_misses_from_dc_misses:u #    1.086 M/sec                    (32.13%)
            76,847      l2_cache_misses_from_ic_miss:u   #    1.031 M/sec                    (32.13%)
             5,611      l2_dtlb_misses:u                 #   75.308 K/sec                    (32.13%)
             1,216      l2_itlb_misses:u                 #   16.320 K/sec                    (32.13%)
               127      sse_avx_stalls:u                 #    1.705 K/sec                    (32.13%)
        59,125,602      uops_dispatched:u                #  793.549 M/sec                    (32.13%)
        23,912,159      uops_retired:u                   #  320.935 M/sec                    (32.14%)
   <not supported>      l3_accesses:u                                               
   <not supported>      l3_misses:u                                                 
       599,019,655 ns   duration_time:u                  #    8.040 G/sec                  
        15,325,699      cpu-cycles:u                     #    0.206 GHz                      (32.14%)
        16,546,358      instructions:u                   #    1.08  insn per cycle           (32.13%)

       0.599019655 seconds time elapsed

       0.027603000 seconds user
       0.047319000 seconds sys


