# started on Fri Jun  6 21:58:44 2025


 Performance counter stats for '../bin/ex2_parallel_weak_n2_sum.out':

     1,330,098,204      all_dc_accesses:u                #    2.784 G/sec                    (34.97%)
            477.78 msec task-clock:u                     #    0.498 CPUs utilized          
                 0      context-switches:u               #    0.000 /sec                   
                 0      all_tlbs_flushed:u               #    0.000 /sec                     (35.80%)
         1,052,242      l1_dtlb_misses:u                 #    2.202 M/sec                    (36.66%)
         5,064,646      l2_cache_accesses_from_dc_misses:u #   10.600 M/sec                    (37.54%)
           671,517      l2_cache_accesses_from_ic_misses:u #    1.405 M/sec                    (37.93%)
         3,925,233      l2_cache_hits_from_dc_misses:u   #    8.216 M/sec                    (37.82%)
           438,552      l2_cache_hits_from_ic_misses:u   #  917.897 K/sec                    (37.04%)
           176,753      l2_cache_hits_from_l2_hwpf:u     #  369.947 K/sec                    (35.57%)
           103,183      l2_cache_misses_from_dc_misses:u #  215.964 K/sec                    (34.87%)
            71,839      l2_cache_misses_from_ic_miss:u   #  150.360 K/sec                    (34.27%)
            12,345      l2_dtlb_misses:u                 #   25.838 K/sec                    (33.97%)
             5,672      l2_itlb_misses:u                 #   11.872 K/sec                    (33.83%)
             1,070      sse_avx_stalls:u                 #    2.240 K/sec                    (33.83%)
     2,941,297,872      uops_dispatched:u                #    6.156 G/sec                    (33.77%)
     3,061,286,731      uops_retired:u                   #    6.407 G/sec                    (34.17%)
   <not supported>      l3_accesses:u                                               
   <not supported>      l3_misses:u                                                 
       959,463,955 ns   duration_time:u                  #    2.008 G/sec                  
     1,431,698,170      cpu-cycles:u                     #    2.997 GHz                      (34.03%)
     3,703,434,267      instructions:u                   #    2.59  insn per cycle           (33.92%)

       0.959463955 seconds time elapsed

       0.410773000 seconds user
       0.071095000 seconds sys


