# started on Fri May 16 20:21:18 2025


 Performance counter stats for '../bin/ex2_parallel_weak_n2_sum.out':

         9,421,100      all_dc_accesses:u                #  100.116 M/sec                    (27.73%)
             94.10 msec task-clock:u                     #    0.931 CPUs utilized          
                 0      context-switches:u               #    0.000 /sec                   
                 0      all_tlbs_flushed:u               #    0.000 /sec                     (30.74%)
           429,337      l1_dtlb_misses:u                 #    4.562 M/sec                    (34.26%)
         1,104,481      l2_cache_accesses_from_dc_misses:u #   11.737 M/sec                    (37.82%)
           471,619      l2_cache_accesses_from_ic_misses:u #    5.012 M/sec                    (42.06%)
           878,784      l2_cache_hits_from_dc_misses:u   #    9.339 M/sec                    (46.30%)
           362,564      l2_cache_hits_from_ic_misses:u   #    3.853 M/sec                    (48.18%)
            66,723      l2_cache_hits_from_l2_hwpf:u     #  709.048 K/sec                    (48.07%)
            81,989      l2_cache_misses_from_dc_misses:u #  871.276 K/sec                    (44.55%)
            98,313      l2_cache_misses_from_ic_miss:u   #    1.045 M/sec                    (41.04%)
             6,977      l2_dtlb_misses:u                 #   74.143 K/sec                    (36.80%)
             2,395      l2_itlb_misses:u                 #   25.451 K/sec                    (32.57%)
             1,680      sse_avx_stalls:u                 #   17.853 K/sec                    (28.33%)
        67,830,893      uops_dispatched:u                #  720.822 M/sec                    (25.42%)
        28,100,364      uops_retired:u                   #  298.615 M/sec                    (25.38%)
   <not supported>      l3_accesses:u                                               
   <not supported>      l3_misses:u                                                 
       101,046,801 ns   duration_time:u                  #    1.074 G/sec                  
        19,079,902      cpu-cycles:u                     #    0.203 GHz                      (25.38%)
        20,452,502      instructions:u                   #    1.07  insn per cycle           (25.38%)

       0.101046801 seconds time elapsed

       0.045466000 seconds user
       0.049255000 seconds sys


