# started on Fri Jun  6 21:58:38 2025


 Performance counter stats for '../bin/ex2_parallel_weak_n2_sum.out':

     2,266,714,412      all_dc_accesses:u                #    3.326 G/sec                    (34.95%)
            681.55 msec task-clock:u                     #    0.496 CPUs utilized          
                 0      context-switches:u               #    0.000 /sec                   
                 0      all_tlbs_flushed:u               #    0.000 /sec                     (35.47%)
         1,125,823      l1_dtlb_misses:u                 #    1.652 M/sec                    (35.42%)
         2,658,782      l2_cache_accesses_from_dc_misses:u #    3.901 M/sec                    (34.35%)
           770,570      l2_cache_accesses_from_ic_misses:u #    1.131 M/sec                    (34.56%)
         1,208,305      l2_cache_hits_from_dc_misses:u   #    1.773 M/sec                    (34.84%)
           378,376      l2_cache_hits_from_ic_misses:u   #  555.170 K/sec                    (35.36%)
           357,017      l2_cache_hits_from_l2_hwpf:u     #  523.831 K/sec                    (34.95%)
           528,659      l2_cache_misses_from_dc_misses:u #  775.671 K/sec                    (34.99%)
            79,585      l2_cache_misses_from_ic_miss:u   #  116.771 K/sec                    (35.87%)
            65,080      l2_dtlb_misses:u                 #   95.488 K/sec                    (35.87%)
             7,795      l2_itlb_misses:u                 #   11.437 K/sec                    (35.97%)
               664      sse_avx_stalls:u                 #  974.250 /sec                     (35.38%)
     4,272,974,214      uops_dispatched:u                #    6.269 G/sec                    (35.43%)
     4,890,383,587      uops_retired:u                   #    7.175 G/sec                    (36.04%)
   <not supported>      l3_accesses:u                                               
   <not supported>      l3_misses:u                                                 
     1,374,957,715 ns   duration_time:u                  #    2.017 G/sec                  
     1,995,100,196      cpu-cycles:u                     #    2.927 GHz                      (35.42%)
     5,659,933,785      instructions:u                   #    2.84  insn per cycle           (35.14%)

       1.374957715 seconds time elapsed

       0.577168000 seconds user
       0.108219000 seconds sys


