# started on Fri Jun  6 21:58:37 2025


 Performance counter stats for '../bin/ex2_parallel_weak_n2_sum.out':

     1,345,932,385      all_dc_accesses:u                #    3.077 G/sec                    (31.73%)
            437.35 msec task-clock:u                     #    0.493 CPUs utilized          
                 0      context-switches:u               #    0.000 /sec                   
                 0      all_tlbs_flushed:u               #    0.000 /sec                     (33.15%)
         1,092,493      l1_dtlb_misses:u                 #    2.498 M/sec                    (34.46%)
         1,429,505      l2_cache_accesses_from_dc_misses:u #    3.269 M/sec                    (34.51%)
           579,207      l2_cache_accesses_from_ic_misses:u #    1.324 M/sec                    (35.66%)
         1,396,959      l2_cache_hits_from_dc_misses:u   #    3.194 M/sec                    (36.40%)
           390,999      l2_cache_hits_from_ic_misses:u   #  894.015 K/sec                    (36.46%)
            72,893      l2_cache_hits_from_l2_hwpf:u     #  166.669 K/sec                    (36.60%)
           133,670      l2_cache_misses_from_dc_misses:u #  305.635 K/sec                    (36.77%)
           121,990      l2_cache_misses_from_ic_miss:u   #  278.929 K/sec                    (37.88%)
            24,414      l2_dtlb_misses:u                 #   55.822 K/sec                    (37.19%)
             4,254      l2_itlb_misses:u                 #    9.727 K/sec                    (38.12%)
             1,769      sse_avx_stalls:u                 #    4.045 K/sec                    (36.74%)
     2,552,138,579      uops_dispatched:u                #    5.835 G/sec                    (35.14%)
     2,612,200,961      uops_retired:u                   #    5.973 G/sec                    (33.99%)
   <not supported>      l3_accesses:u                                               
   <not supported>      l3_misses:u                                                 
       887,366,001 ns   duration_time:u                  #    2.029 G/sec                  
     1,104,383,388      cpu-cycles:u                     #    2.525 GHz                      (32.84%)
     3,667,883,561      instructions:u                   #    3.32  insn per cycle           (32.36%)

       0.887366001 seconds time elapsed

       0.371640000 seconds user
       0.071165000 seconds sys


