# started on Sat May 17 19:40:06 2025


 Performance counter stats for '../bin/ex2_parallel_weak_n2_sum.out':

     2,259,009,678      all_dc_accesses:u                #    3.505 G/sec                    (33.02%)
            644.46 msec task-clock:u                     #    0.493 CPUs utilized          
                 0      context-switches:u               #    0.000 /sec                   
                 0      all_tlbs_flushed:u               #    0.000 /sec                     (33.57%)
           439,558      l1_dtlb_misses:u                 #  682.053 K/sec                    (34.25%)
         1,199,520      l2_cache_accesses_from_dc_misses:u #    1.861 M/sec                    (34.87%)
           868,511      l2_cache_accesses_from_ic_misses:u #    1.348 M/sec                    (35.72%)
         1,305,943      l2_cache_hits_from_dc_misses:u   #    2.026 M/sec                    (36.22%)
           770,789      l2_cache_hits_from_ic_misses:u   #    1.196 M/sec                    (37.78%)
           329,146      l2_cache_hits_from_l2_hwpf:u     #  510.729 K/sec                    (38.14%)
           349,739      l2_cache_misses_from_dc_misses:u #  542.682 K/sec                    (38.13%)
           165,125      l2_cache_misses_from_ic_miss:u   #  256.221 K/sec                    (37.51%)
            22,452      l2_dtlb_misses:u                 #   34.838 K/sec                    (36.38%)
             6,575      l2_itlb_misses:u                 #   10.202 K/sec                    (35.88%)
             3,214      sse_avx_stalls:u                 #    4.987 K/sec                    (34.78%)
     4,114,205,872      uops_dispatched:u                #    6.384 G/sec                    (33.87%)
     4,778,389,303      uops_retired:u                   #    7.415 G/sec                    (33.20%)
   <not supported>      l3_accesses:u                                               
   <not supported>      l3_misses:u                                                 
     1,305,999,340 ns   duration_time:u                  #    2.026 G/sec                  
     2,084,709,193      cpu-cycles:u                     #    3.235 GHz                      (33.20%)
     6,272,145,465      instructions:u                   #    3.01  insn per cycle           (33.48%)

       1.305999340 seconds time elapsed

       0.553676000 seconds user
       0.092279000 seconds sys


