# started on Fri Jun  6 21:58:46 2025


 Performance counter stats for '../bin/ex2_parallel_weak_n2_sum.out':

     1,997,455,219      all_dc_accesses:u                #    2.842 G/sec                    (34.43%)
            702.79 msec task-clock:u                     #    0.494 CPUs utilized          
                 0      context-switches:u               #    0.000 /sec                   
                 0      all_tlbs_flushed:u               #    0.000 /sec                     (34.65%)
         1,122,801      l1_dtlb_misses:u                 #    1.598 M/sec                    (35.35%)
         2,356,308      l2_cache_accesses_from_dc_misses:u #    3.353 M/sec                    (35.37%)
           580,234      l2_cache_accesses_from_ic_misses:u #  825.611 K/sec                    (35.87%)
         1,736,017      l2_cache_hits_from_dc_misses:u   #    2.470 M/sec                    (36.62%)
           425,472      l2_cache_hits_from_ic_misses:u   #  605.401 K/sec                    (37.24%)
           370,550      l2_cache_hits_from_l2_hwpf:u     #  527.253 K/sec                    (37.11%)
           392,639      l2_cache_misses_from_dc_misses:u #  558.684 K/sec                    (36.70%)
           169,176      l2_cache_misses_from_ic_miss:u   #  240.719 K/sec                    (36.00%)
            52,239      l2_dtlb_misses:u                 #   74.331 K/sec                    (35.50%)
            11,724      l2_itlb_misses:u                 #   16.682 K/sec                    (34.55%)
             2,625      sse_avx_stalls:u                 #    3.735 K/sec                    (34.13%)
     4,110,079,055      uops_dispatched:u                #    5.848 G/sec                    (33.91%)
     4,389,061,372      uops_retired:u                   #    6.245 G/sec                    (34.17%)
   <not supported>      l3_accesses:u                                               
   <not supported>      l3_misses:u                                                 
     1,423,924,733 ns   duration_time:u                  #    2.026 G/sec                  
     1,973,805,097      cpu-cycles:u                     #    2.809 GHz                      (34.30%)
     5,203,287,868      instructions:u                   #    2.64  insn per cycle           (34.09%)

       1.423924733 seconds time elapsed

       0.587178000 seconds user
       0.121350000 seconds sys


