# started on Fri Jun  6 21:58:32 2025


 Performance counter stats for '../bin/ex2_parallel_weak_n2_sum.out':

     1,471,081,253      all_dc_accesses:u                #    3.316 G/sec                    (32.62%)
            443.64 msec task-clock:u                     #    0.490 CPUs utilized          
                 0      context-switches:u               #    0.000 /sec                   
                 0      all_tlbs_flushed:u               #    0.000 /sec                     (33.07%)
         1,077,530      l1_dtlb_misses:u                 #    2.429 M/sec                    (34.04%)
         1,679,191      l2_cache_accesses_from_dc_misses:u #    3.785 M/sec                    (34.84%)
           522,009      l2_cache_accesses_from_ic_misses:u #    1.177 M/sec                    (34.80%)
         1,978,755      l2_cache_hits_from_dc_misses:u   #    4.460 M/sec                    (36.97%)
           330,042      l2_cache_hits_from_ic_misses:u   #  743.943 K/sec                    (37.71%)
           359,418      l2_cache_hits_from_l2_hwpf:u     #  810.159 K/sec                    (38.71%)
           417,201      l2_cache_misses_from_dc_misses:u #  940.407 K/sec                    (39.71%)
           110,664      l2_cache_misses_from_ic_miss:u   #  249.446 K/sec                    (38.95%)
            33,960      l2_dtlb_misses:u                 #   76.549 K/sec                    (38.05%)
             6,827      l2_itlb_misses:u                 #   15.389 K/sec                    (35.89%)
             2,882      sse_avx_stalls:u                 #    6.496 K/sec                    (34.49%)
     3,238,771,764      uops_dispatched:u                #    7.300 G/sec                    (33.40%)
     3,551,110,921      uops_retired:u                   #    8.005 G/sec                    (31.71%)
   <not supported>      l3_accesses:u                                               
   <not supported>      l3_misses:u                                                 
       905,427,986 ns   duration_time:u                  #    2.041 G/sec                  
     1,328,221,631      cpu-cycles:u                     #    2.994 GHz                      (32.52%)
     4,222,072,693      instructions:u                   #    3.18  insn per cycle           (32.52%)

       0.905427986 seconds time elapsed

       0.369762000 seconds user
       0.080244000 seconds sys


