# started on Fri Jun  6 21:59:05 2025


 Performance counter stats for '../bin/ex2_parallel_weak_n2_sum.out':

     2,109,205,497      all_dc_accesses:u                #    2.953 G/sec                    (33.81%)
            714.37 msec task-clock:u                     #    0.499 CPUs utilized          
                 0      context-switches:u               #    0.000 /sec                   
                 0      all_tlbs_flushed:u               #    0.000 /sec                     (34.72%)
         1,184,809      l1_dtlb_misses:u                 #    1.659 M/sec                    (35.11%)
         5,346,744      l2_cache_accesses_from_dc_misses:u #    7.485 M/sec                    (35.54%)
           687,475      l2_cache_accesses_from_ic_misses:u #  962.356 K/sec                    (35.63%)
         1,690,194      l2_cache_hits_from_dc_misses:u   #    2.366 M/sec                    (36.19%)
           448,203      l2_cache_hits_from_ic_misses:u   #  627.413 K/sec                    (36.71%)
           383,039      l2_cache_hits_from_l2_hwpf:u     #  536.194 K/sec                    (36.34%)
           347,328      l2_cache_misses_from_dc_misses:u #  486.204 K/sec                    (36.23%)
           105,371      l2_cache_misses_from_ic_miss:u   #  147.503 K/sec                    (35.84%)
            55,007      l2_dtlb_misses:u                 #   77.001 K/sec                    (36.16%)
             7,516      l2_itlb_misses:u                 #   10.521 K/sec                    (35.60%)
             2,485      sse_avx_stalls:u                 #    3.479 K/sec                    (35.08%)
     4,459,486,313      uops_dispatched:u                #    6.243 G/sec                    (34.68%)
     4,744,343,886      uops_retired:u                   #    6.641 G/sec                    (34.37%)
   <not supported>      l3_accesses:u                                               
   <not supported>      l3_misses:u                                                 
     1,430,861,457 ns   duration_time:u                  #    2.003 G/sec                  
     1,949,703,232      cpu-cycles:u                     #    2.729 GHz                      (34.20%)
     5,488,962,543      instructions:u                   #    2.82  insn per cycle           (33.79%)

       1.430861457 seconds time elapsed

       0.607495000 seconds user
       0.110761000 seconds sys


