# started on Fri Jun  6 21:58:28 2025


 Performance counter stats for '../bin/ex2_parallel_weak_n2_sum.out':

     2,353,654,725      all_dc_accesses:u                #    3.309 G/sec                    (33.74%)
            711.29 msec task-clock:u                     #    0.500 CPUs utilized          
                 0      context-switches:u               #    0.000 /sec                   
                 0      all_tlbs_flushed:u               #    0.000 /sec                     (34.84%)
         1,068,522      l1_dtlb_misses:u                 #    1.502 M/sec                    (35.40%)
         1,975,920      l2_cache_accesses_from_dc_misses:u #    2.778 M/sec                    (36.00%)
           464,840      l2_cache_accesses_from_ic_misses:u #  653.515 K/sec                    (36.53%)
         1,750,821      l2_cache_hits_from_dc_misses:u   #    2.461 M/sec                    (37.09%)
           277,795      l2_cache_hits_from_ic_misses:u   #  390.550 K/sec                    (37.58%)
            94,104      l2_cache_hits_from_l2_hwpf:u     #  132.300 K/sec                    (37.03%)
            47,584      l2_cache_misses_from_dc_misses:u #   66.898 K/sec                    (36.73%)
            64,054      l2_cache_misses_from_ic_miss:u   #   90.053 K/sec                    (36.30%)
            14,723      l2_dtlb_misses:u                 #   20.699 K/sec                    (35.46%)
             8,508      l2_itlb_misses:u                 #   11.961 K/sec                    (34.89%)
             2,539      sse_avx_stalls:u                 #    3.570 K/sec                    (34.30%)
     5,934,621,530      uops_dispatched:u                #    8.343 G/sec                    (33.74%)
     6,347,716,655      uops_retired:u                   #    8.924 G/sec                    (33.43%)
   <not supported>      l3_accesses:u                                               
   <not supported>      l3_misses:u                                                 
     1,422,931,055 ns   duration_time:u                  #    2.000 G/sec                  
     2,192,733,862      cpu-cycles:u                     #    3.083 GHz                      (33.31%)
     8,855,059,485      instructions:u                   #    4.04  insn per cycle           (33.62%)

       1.422931055 seconds time elapsed

       0.646304000 seconds user
       0.067392000 seconds sys


