# started on Fri Jun  6 21:58:33 2025


 Performance counter stats for '../bin/ex2_parallel_weak_n2_sum.out':

     2,084,682,963      all_dc_accesses:u                #    2.862 G/sec                    (34.15%)
            728.38 msec task-clock:u                     #    0.516 CPUs utilized          
                 0      context-switches:u               #    0.000 /sec                   
                 0      all_tlbs_flushed:u               #    0.000 /sec                     (34.15%)
         1,208,769      l1_dtlb_misses:u                 #    1.660 M/sec                    (34.26%)
         4,729,897      l2_cache_accesses_from_dc_misses:u #    6.494 M/sec                    (34.73%)
           397,983      l2_cache_accesses_from_ic_misses:u #  546.393 K/sec                    (35.40%)
         2,805,960      l2_cache_hits_from_dc_misses:u   #    3.852 M/sec                    (36.08%)
           228,542      l2_cache_hits_from_ic_misses:u   #  313.766 K/sec                    (35.83%)
           898,682      l2_cache_hits_from_l2_hwpf:u     #    1.234 M/sec                    (35.97%)
         1,201,812      l2_cache_misses_from_dc_misses:u #    1.650 M/sec                    (36.18%)
            84,583      l2_cache_misses_from_ic_miss:u   #  116.124 K/sec                    (36.25%)
           123,997      l2_dtlb_misses:u                 #  170.236 K/sec                    (35.87%)
             7,631      l2_itlb_misses:u                 #   10.477 K/sec                    (35.57%)
             2,690      sse_avx_stalls:u                 #    3.693 K/sec                    (36.02%)
     3,900,085,837      uops_dispatched:u                #    5.354 G/sec                    (36.03%)
     4,268,206,913      uops_retired:u                   #    5.860 G/sec                    (35.04%)
   <not supported>      l3_accesses:u                                               
   <not supported>      l3_misses:u                                                 
     1,412,807,579 ns   duration_time:u                  #    1.940 G/sec                  
     1,701,784,017      cpu-cycles:u                     #    2.336 GHz                      (34.40%)
     5,222,206,742      instructions:u                   #    3.07  insn per cycle           (34.07%)

       1.412807579 seconds time elapsed

       0.553740000 seconds user
       0.179268000 seconds sys


