# started on Fri May 16 20:22:01 2025


 Performance counter stats for '../bin/ex2_parallel_weak_n2_sum.out':

       786,972,705      all_dc_accesses:u                #    2.582 G/sec                    (33.56%)
            304.84 msec task-clock:u                     #    0.499 CPUs utilized          
                 0      context-switches:u               #    0.000 /sec                   
                 0      all_tlbs_flushed:u               #    0.000 /sec                     (33.31%)
           494,970      l1_dtlb_misses:u                 #    1.624 M/sec                    (33.34%)
           473,622      l2_cache_accesses_from_dc_misses:u #    1.554 M/sec                    (34.66%)
         1,575,816      l2_cache_accesses_from_ic_misses:u #    5.169 M/sec                    (35.96%)
           281,233      l2_cache_hits_from_dc_misses:u   #  922.570 K/sec                    (37.48%)
         1,110,856      l2_cache_hits_from_ic_misses:u   #    3.644 M/sec                    (38.23%)
            26,951      l2_cache_hits_from_l2_hwpf:u     #   88.411 K/sec                    (38.15%)
            79,104      l2_cache_misses_from_dc_misses:u #  259.497 K/sec                    (38.10%)
           133,965      l2_cache_misses_from_ic_miss:u   #  439.465 K/sec                    (35.69%)
            19,973      l2_dtlb_misses:u                 #   65.520 K/sec                    (34.62%)
            11,623      l2_itlb_misses:u                 #   38.129 K/sec                    (34.72%)
             3,266      sse_avx_stalls:u                 #   10.714 K/sec                    (34.63%)
     1,331,920,148      uops_dispatched:u                #    4.369 G/sec                    (34.83%)
     1,559,540,200      uops_retired:u                   #    5.116 G/sec                    (33.74%)
   <not supported>      l3_accesses:u                                               
   <not supported>      l3_misses:u                                                 
       611,381,804 ns   duration_time:u                  #    2.006 G/sec                  
       740,399,553      cpu-cycles:u                     #    2.429 GHz                      (34.85%)
     2,495,984,597      instructions:u                   #    3.37  insn per cycle           (34.15%)

       0.611381804 seconds time elapsed

       0.245535000 seconds user
       0.065476000 seconds sys


