# started on Fri Jun  6 21:58:52 2025


 Performance counter stats for '../bin/ex2_parallel_weak_n2_sum.out':

    19,639,762,876      all_dc_accesses:u                #    3.801 G/sec                    (35.26%)
          5,166.96 msec task-clock:u                     #    0.499 CPUs utilized          
                 0      context-switches:u               #    0.000 /sec                   
                 0      all_tlbs_flushed:u               #    0.000 /sec                     (35.34%)
         1,095,195      l1_dtlb_misses:u                 #  211.961 K/sec                    (35.37%)
       186,101,788      l2_cache_accesses_from_dc_misses:u #   36.018 M/sec                    (35.41%)
           834,052      l2_cache_accesses_from_ic_misses:u #  161.420 K/sec                    (35.42%)
       174,457,370      l2_cache_hits_from_dc_misses:u   #   33.764 M/sec                    (35.44%)
           536,289      l2_cache_hits_from_ic_misses:u   #  103.792 K/sec                    (35.40%)
           589,881      l2_cache_hits_from_l2_hwpf:u     #  114.164 K/sec                    (35.32%)
           986,382      l2_cache_misses_from_dc_misses:u #  190.902 K/sec                    (35.26%)
           113,122      l2_cache_misses_from_ic_miss:u   #   21.893 K/sec                    (35.20%)
            19,507      l2_dtlb_misses:u                 #    3.775 K/sec                    (35.15%)
            12,245      l2_itlb_misses:u                 #    2.370 K/sec                    (35.21%)
               573      sse_avx_stalls:u                 #  110.897 /sec                     (35.22%)
    33,059,619,253      uops_dispatched:u                #    6.398 G/sec                    (35.22%)
    38,111,273,637      uops_retired:u                   #    7.376 G/sec                    (35.22%)
   <not supported>      l3_accesses:u                                               
   <not supported>      l3_misses:u                                                 
    10,356,448,663 ns   duration_time:u                  #    2.004 G/sec                  
    14,928,832,524      cpu-cycles:u                     #    2.889 GHz                      (35.25%)
    36,258,399,068      instructions:u                   #    2.43  insn per cycle           (35.30%)

      10.356448663 seconds time elapsed

       4.362527000 seconds user
       0.811726000 seconds sys


