# started on Fri May 16 20:21:27 2025


 Performance counter stats for '../bin/ex2_parallel_weak_n2_sum.out':

         7,543,280      all_dc_accesses:u                #  101.263 M/sec                    (34.49%)
             74.49 msec task-clock:u                     #    0.937 CPUs utilized          
                 0      context-switches:u               #    0.000 /sec                   
                 0      all_tlbs_flushed:u               #    0.000 /sec                     (39.65%)
           411,386      l1_dtlb_misses:u                 #    5.523 M/sec                    (41.12%)
           271,412      l2_cache_accesses_from_dc_misses:u #    3.644 M/sec                    (41.11%)
           394,594      l2_cache_accesses_from_ic_misses:u #    5.297 M/sec                    (41.11%)
           338,058      l2_cache_hits_from_dc_misses:u   #    4.538 M/sec                    (41.12%)
           341,257      l2_cache_hits_from_ic_misses:u   #    4.581 M/sec                    (38.78%)
            90,804      l2_cache_hits_from_l2_hwpf:u     #    1.219 M/sec                    (33.61%)
            60,452      l2_cache_misses_from_dc_misses:u #  811.524 K/sec                    (32.15%)
            80,170      l2_cache_misses_from_ic_miss:u   #    1.076 M/sec                    (32.15%)
             7,394      l2_dtlb_misses:u                 #   99.259 K/sec                    (32.15%)
             1,311      l2_itlb_misses:u                 #   17.599 K/sec                    (32.09%)
               205      sse_avx_stalls:u                 #    2.752 K/sec                    (32.09%)
        39,253,007      uops_dispatched:u                #  526.943 M/sec                    (32.10%)
        20,708,938      uops_retired:u                   #  278.002 M/sec                    (32.10%)
   <not supported>      l3_accesses:u                                               
   <not supported>      l3_misses:u                                                 
        79,473,631 ns   duration_time:u                  #    1.067 G/sec                  
        14,157,561      cpu-cycles:u                     #    0.190 GHz                      (32.10%)
        15,696,242      instructions:u                   #    1.11  insn per cycle           (32.10%)

       0.079473631 seconds time elapsed

       0.027499000 seconds user
       0.047141000 seconds sys


