# started on Fri Jun  6 21:58:30 2025


 Performance counter stats for '../bin/ex2_parallel_weak_n2_sum.out':

       928,301,854      all_dc_accesses:u                #    2.512 G/sec                    (32.35%)
            369.49 msec task-clock:u                     #    0.486 CPUs utilized          
                 0      context-switches:u               #    0.000 /sec                   
                 0      all_tlbs_flushed:u               #    0.000 /sec                     (33.80%)
         1,105,433      l1_dtlb_misses:u                 #    2.992 M/sec                    (34.88%)
         2,047,195      l2_cache_accesses_from_dc_misses:u #    5.541 M/sec                    (35.11%)
           464,562      l2_cache_accesses_from_ic_misses:u #    1.257 M/sec                    (36.87%)
         1,756,544      l2_cache_hits_from_dc_misses:u   #    4.754 M/sec                    (37.42%)
           162,521      l2_cache_hits_from_ic_misses:u   #  439.855 K/sec                    (38.41%)
            34,666      l2_cache_hits_from_l2_hwpf:u     #   93.822 K/sec                    (37.37%)
           153,841      l2_cache_misses_from_dc_misses:u #  416.363 K/sec                    (36.27%)
            73,036      l2_cache_misses_from_ic_miss:u   #  197.668 K/sec                    (37.47%)
            29,713      l2_dtlb_misses:u                 #   80.417 K/sec                    (35.72%)
            10,726      l2_itlb_misses:u                 #   29.029 K/sec                    (36.12%)
             1,438      sse_avx_stalls:u                 #    3.892 K/sec                    (34.62%)
     2,453,944,644      uops_dispatched:u                #    6.641 G/sec                    (34.22%)
     2,428,060,976      uops_retired:u                   #    6.571 G/sec                    (34.24%)
   <not supported>      l3_accesses:u                                               
   <not supported>      l3_misses:u                                                 
       760,452,930 ns   duration_time:u                  #    2.058 G/sec                  
       922,205,184      cpu-cycles:u                     #    2.496 GHz                      (32.80%)
     2,922,418,390      instructions:u                   #    3.17  insn per cycle           (32.32%)

       0.760452930 seconds time elapsed

       0.277870000 seconds user
       0.095186000 seconds sys


