# started on Fri Jun  6 21:59:11 2025


 Performance counter stats for '../bin/ex2_parallel_weak_n2_sum.out':

    19,534,855,067      all_dc_accesses:u                #    3.807 G/sec                    (35.13%)
          5,131.64 msec task-clock:u                     #    0.499 CPUs utilized          
                 0      context-switches:u               #    0.000 /sec                   
                 0      all_tlbs_flushed:u               #    0.000 /sec                     (35.11%)
         1,086,554      l1_dtlb_misses:u                 #  211.736 K/sec                    (35.14%)
        18,782,949      l2_cache_accesses_from_dc_misses:u #    3.660 M/sec                    (35.22%)
           683,562      l2_cache_accesses_from_ic_misses:u #  133.205 K/sec                    (35.34%)
         7,812,845      l2_cache_hits_from_dc_misses:u   #    1.522 M/sec                    (35.41%)
           572,669      l2_cache_hits_from_ic_misses:u   #  111.596 K/sec                    (35.44%)
           567,674      l2_cache_hits_from_l2_hwpf:u     #  110.622 K/sec                    (35.53%)
           956,161      l2_cache_misses_from_dc_misses:u #  186.327 K/sec                    (35.52%)
           152,123      l2_cache_misses_from_ic_miss:u   #   29.644 K/sec                    (35.42%)
            23,867      l2_dtlb_misses:u                 #    4.651 K/sec                    (35.40%)
            13,299      l2_itlb_misses:u                 #    2.592 K/sec                    (35.33%)
               648      sse_avx_stalls:u                 #  126.276 /sec                     (35.30%)
    32,653,816,943      uops_dispatched:u                #    6.363 G/sec                    (35.22%)
    37,554,020,183      uops_retired:u                   #    7.318 G/sec                    (35.18%)
   <not supported>      l3_accesses:u                                               
   <not supported>      l3_misses:u                                                 
    10,282,658,657 ns   duration_time:u                  #    2.004 G/sec                  
    14,656,113,526      cpu-cycles:u                     #    2.856 GHz                      (35.20%)
    36,090,587,266      instructions:u                   #    2.46  insn per cycle           (35.10%)

      10.282658657 seconds time elapsed

       4.345047000 seconds user
       0.789644000 seconds sys


