# started on Sat May 17 08:07:47 2025


 Performance counter stats for '../bin/ex2_parallel_weak_n2_sum.out':

     2,409,816,691      all_dc_accesses:u                #    2.524 G/sec                    (34.63%)
            954.68 msec task-clock:u                     #    0.493 CPUs utilized          
                 0      context-switches:u               #    0.000 /sec                   
                 0      all_tlbs_flushed:u               #    0.000 /sec                     (36.28%)
           735,171      l1_dtlb_misses:u                 #  770.069 K/sec                    (36.89%)
         4,052,516      l2_cache_accesses_from_dc_misses:u #    4.245 M/sec                    (37.37%)
         1,519,107      l2_cache_accesses_from_ic_misses:u #    1.591 M/sec                    (37.26%)
           709,000      l2_cache_hits_from_dc_misses:u   #  742.656 K/sec                    (37.43%)
         1,269,119      l2_cache_hits_from_ic_misses:u   #    1.329 M/sec                    (37.15%)
         1,077,668      l2_cache_hits_from_l2_hwpf:u     #    1.129 M/sec                    (35.17%)
         1,284,194      l2_cache_misses_from_dc_misses:u #    1.345 M/sec                    (34.50%)
            82,365      l2_cache_misses_from_ic_miss:u   #   86.275 K/sec                    (34.43%)
           148,818      l2_dtlb_misses:u                 #  155.882 K/sec                    (34.31%)
             5,483      l2_itlb_misses:u                 #    5.743 K/sec                    (33.83%)
             1,417      sse_avx_stalls:u                 #    1.484 K/sec                    (34.07%)
     5,606,374,680      uops_dispatched:u                #    5.873 G/sec                    (34.12%)
     5,685,418,311      uops_retired:u                   #    5.955 G/sec                    (34.04%)
   <not supported>      l3_accesses:u                                               
   <not supported>      l3_misses:u                                                 
     1,935,428,310 ns   duration_time:u                  #    2.027 G/sec                  
     2,385,281,824      cpu-cycles:u                     #    2.499 GHz                      (34.24%)
     6,297,091,732      instructions:u                   #    2.64  insn per cycle           (34.27%)

       1.935428310 seconds time elapsed

       0.732147000 seconds user
       0.224045000 seconds sys


