# started on Sat May 17 19:40:02 2025


 Performance counter stats for '../bin/ex2_parallel_weak_n2_sum.out':

     1,955,163,234      all_dc_accesses:u                #    2.982 G/sec                    (32.94%)
            655.72 msec task-clock:u                     #    0.499 CPUs utilized          
                 0      context-switches:u               #    0.000 /sec                   
                 0      all_tlbs_flushed:u               #    0.000 /sec                     (32.82%)
           612,021      l1_dtlb_misses:u                 #  933.351 K/sec                    (33.03%)
         1,304,282      l2_cache_accesses_from_dc_misses:u #    1.989 M/sec                    (34.17%)
           569,451      l2_cache_accesses_from_ic_misses:u #  868.430 K/sec                    (35.32%)
           476,915      l2_cache_hits_from_dc_misses:u   #  727.310 K/sec                    (35.91%)
         1,344,365      l2_cache_hits_from_ic_misses:u   #    2.050 M/sec                    (35.98%)
           156,110      l2_cache_hits_from_l2_hwpf:u     #  238.072 K/sec                    (36.70%)
           118,185      l2_cache_misses_from_dc_misses:u #  180.236 K/sec                    (37.47%)
           112,311      l2_cache_misses_from_ic_miss:u   #  171.278 K/sec                    (37.86%)
            17,506      l2_dtlb_misses:u                 #   26.697 K/sec                    (37.28%)
             4,746      l2_itlb_misses:u                 #    7.238 K/sec                    (37.17%)
             2,616      sse_avx_stalls:u                 #    3.989 K/sec                    (36.58%)
     5,181,094,651      uops_dispatched:u                #    7.901 G/sec                    (35.97%)
     5,369,218,553      uops_retired:u                   #    8.188 G/sec                    (34.45%)
   <not supported>      l3_accesses:u                                               
   <not supported>      l3_misses:u                                                 
     1,313,379,860 ns   duration_time:u                  #    2.003 G/sec                  
     1,847,330,842      cpu-cycles:u                     #    2.817 GHz                      (33.50%)
     7,007,085,424      instructions:u                   #    3.79  insn per cycle           (32.88%)

       1.313379860 seconds time elapsed

       0.569797000 seconds user
       0.089193000 seconds sys


