# started on Sat May 17 19:41:04 2025


 Performance counter stats for '../bin/ex2_parallel_weak_n2_sum.out':

       828,887,976      all_dc_accesses:u                #    2.244 G/sec                    (36.13%)
            369.31 msec task-clock:u                     #    0.318 CPUs utilized          
                 0      context-switches:u               #    0.000 /sec                   
                 0      all_tlbs_flushed:u               #    0.000 /sec                     (37.33%)
           360,390      l1_dtlb_misses:u                 #  975.834 K/sec                    (39.77%)
           340,487      l2_cache_accesses_from_dc_misses:u #  921.943 K/sec                    (39.77%)
         1,119,015      l2_cache_accesses_from_ic_misses:u #    3.030 M/sec                    (37.77%)
           266,767      l2_cache_hits_from_dc_misses:u   #  722.330 K/sec                    (35.57%)
           642,976      l2_cache_hits_from_ic_misses:u   #    1.741 M/sec                    (36.21%)
            46,479      l2_cache_hits_from_l2_hwpf:u     #  125.852 K/sec                    (34.97%)
           106,873      l2_cache_misses_from_dc_misses:u #  289.382 K/sec                    (33.51%)
           179,938      l2_cache_misses_from_ic_miss:u   #  487.221 K/sec                    (34.62%)
            20,127      l2_dtlb_misses:u                 #   54.498 K/sec                    (34.62%)
             8,144      l2_itlb_misses:u                 #   22.052 K/sec                    (33.71%)
             2,815      sse_avx_stalls:u                 #    7.622 K/sec                    (32.71%)
     1,832,056,034      uops_dispatched:u                #    4.961 G/sec                    (32.07%)
     2,075,297,800      uops_retired:u                   #    5.619 G/sec                    (32.11%)
   <not supported>      l3_accesses:u                                               
   <not supported>      l3_misses:u                                                 
     1,160,078,212 ns   duration_time:u                  #    3.141 G/sec                  
     1,008,515,658      cpu-cycles:u                     #    2.731 GHz                      (33.01%)
     2,677,144,170      instructions:u                   #    2.65  insn per cycle           (36.12%)

       1.160078212 seconds time elapsed

       0.264993000 seconds user
       0.107653000 seconds sys


