# started on Sat May 17 19:40:04 2025


 Performance counter stats for '../bin/ex2_parallel_weak_n2_sum.out':

     1,572,855,581      all_dc_accesses:u                #    3.080 G/sec                    (31.80%)
            510.69 msec task-clock:u                     #    0.494 CPUs utilized          
                 0      context-switches:u               #    0.000 /sec                   
                 0      all_tlbs_flushed:u               #    0.000 /sec                     (32.25%)
           537,572      l1_dtlb_misses:u                 #    1.053 M/sec                    (33.13%)
         1,469,588      l2_cache_accesses_from_dc_misses:u #    2.878 M/sec                    (33.91%)
         1,300,223      l2_cache_accesses_from_ic_misses:u #    2.546 M/sec                    (35.50%)
         1,118,636      l2_cache_hits_from_dc_misses:u   #    2.190 M/sec                    (36.53%)
           637,392      l2_cache_hits_from_ic_misses:u   #    1.248 M/sec                    (37.20%)
            66,643      l2_cache_hits_from_l2_hwpf:u     #  130.495 K/sec                    (37.43%)
            95,369      l2_cache_misses_from_dc_misses:u #  186.744 K/sec                    (37.35%)
            55,719      l2_cache_misses_from_ic_miss:u   #  109.104 K/sec                    (37.34%)
            20,939      l2_dtlb_misses:u                 #   41.001 K/sec                    (37.35%)
             5,266      l2_itlb_misses:u                 #   10.311 K/sec                    (37.31%)
             2,007      sse_avx_stalls:u                 #    3.930 K/sec                    (36.56%)
     3,135,173,981      uops_dispatched:u                #    6.139 G/sec                    (35.76%)
     3,407,682,130      uops_retired:u                   #    6.673 G/sec                    (34.98%)
   <not supported>      l3_accesses:u                                               
   <not supported>      l3_misses:u                                                 
     1,033,119,060 ns   duration_time:u                  #    2.023 G/sec                  
     1,343,386,941      cpu-cycles:u                     #    2.631 GHz                      (33.40%)
     4,560,455,922      instructions:u                   #    3.39  insn per cycle           (32.18%)

       1.033119060 seconds time elapsed

       0.430648000 seconds user
       0.083737000 seconds sys


