# started on Sat May 17 08:07:49 2025


 Performance counter stats for '../bin/ex2_parallel_weak_n2_sum.out':

     1,229,717,967      all_dc_accesses:u                #  761.622 M/sec                    (34.68%)
          1,614.60 msec task-clock:u                     #    0.496 CPUs utilized          
                 0      context-switches:u               #    0.000 /sec                   
                 0      all_tlbs_flushed:u               #    0.000 /sec                     (36.16%)
           528,075      l1_dtlb_misses:u                 #  327.062 K/sec                    (36.25%)
       169,094,550      l2_cache_accesses_from_dc_misses:u #  104.728 M/sec                    (36.47%)
         1,468,926      l2_cache_accesses_from_ic_misses:u #  909.775 K/sec                    (36.81%)
       150,002,896      l2_cache_hits_from_dc_misses:u   #   92.904 M/sec                    (37.02%)
         1,220,207      l2_cache_hits_from_ic_misses:u   #  755.732 K/sec                    (36.52%)
        25,613,210      l2_cache_hits_from_l2_hwpf:u     #   15.863 M/sec                    (35.62%)
         3,611,767      l2_cache_misses_from_dc_misses:u #    2.237 M/sec                    (35.67%)
           197,753      l2_cache_misses_from_ic_miss:u   #  122.478 K/sec                    (35.40%)
            30,787      l2_dtlb_misses:u                 #   19.068 K/sec                    (35.03%)
             6,874      l2_itlb_misses:u                 #    4.257 K/sec                    (34.74%)
             2,273      sse_avx_stalls:u                 #    1.408 K/sec                    (34.31%)
     3,765,654,572      uops_dispatched:u                #    2.332 G/sec                    (33.99%)
     4,247,274,330      uops_retired:u                   #    2.631 G/sec                    (33.77%)
   <not supported>      l3_accesses:u                                               
   <not supported>      l3_misses:u                                                 
     3,258,437,762 ns   duration_time:u                  #    2.018 G/sec                  
     1,718,503,140      cpu-cycles:u                     #    1.064 GHz                      (33.69%)
     4,160,716,909      instructions:u                   #    2.42  insn per cycle           (33.87%)

       3.258437762 seconds time elapsed

       0.532673000 seconds user
       1.085835000 seconds sys


