# started on Thu Jun  5 18:14:36 2025


 Performance counter stats for '../bin/ex2_parallel_weak_n2_sum.out':

     1,302,150,070      all_dc_accesses:u                #    2.644 G/sec                    (32.74%)
            492.51 msec task-clock:u                     #    0.488 CPUs utilized          
                 0      context-switches:u               #    0.000 /sec                   
                 0      all_tlbs_flushed:u               #    0.000 /sec                     (35.81%)
         1,054,621      l1_dtlb_misses:u                 #    2.141 M/sec                    (36.02%)
         1,288,884      l2_cache_accesses_from_dc_misses:u #    2.617 M/sec                    (35.80%)
           627,960      l2_cache_accesses_from_ic_misses:u #    1.275 M/sec                    (36.22%)
         1,265,451      l2_cache_hits_from_dc_misses:u   #    2.569 M/sec                    (37.37%)
           353,732      l2_cache_hits_from_ic_misses:u   #  718.230 K/sec                    (38.48%)
           147,188      l2_cache_hits_from_l2_hwpf:u     #  298.856 K/sec                    (37.47%)
           273,768      l2_cache_misses_from_dc_misses:u #  555.868 K/sec                    (36.89%)
           116,496      l2_cache_misses_from_ic_miss:u   #  236.538 K/sec                    (36.50%)
            14,436      l2_dtlb_misses:u                 #   29.311 K/sec                    (36.07%)
             4,580      l2_itlb_misses:u                 #    9.299 K/sec                    (35.09%)
             1,877      sse_avx_stalls:u                 #    3.811 K/sec                    (33.24%)
     3,030,390,928      uops_dispatched:u                #    6.153 G/sec                    (33.00%)
     3,315,907,035      uops_retired:u                   #    6.733 G/sec                    (32.91%)
   <not supported>      l3_accesses:u                                               
   <not supported>      l3_misses:u                                                 
     1,008,316,559 ns   duration_time:u                  #    2.047 G/sec                  
     1,258,743,453      cpu-cycles:u                     #    2.556 GHz                      (33.37%)
     3,478,563,324      instructions:u                   #    2.76  insn per cycle           (33.04%)

       1.008316559 seconds time elapsed

       0.410180000 seconds user
       0.085896000 seconds sys


