# started on Thu Jun  5 18:14:22 2025


 Performance counter stats for '../bin/ex2_parallel_weak_n2_sum.out':

     1,551,259,439      all_dc_accesses:u                #    2.069 G/sec                    (34.00%)
            749.77 msec task-clock:u                     #    0.494 CPUs utilized          
                 0      context-switches:u               #    0.000 /sec                   
                 0      all_tlbs_flushed:u               #    0.000 /sec                     (35.02%)
         1,157,916      l1_dtlb_misses:u                 #    1.544 M/sec                    (35.81%)
         3,230,015      l2_cache_accesses_from_dc_misses:u #    4.308 M/sec                    (35.82%)
           764,079      l2_cache_accesses_from_ic_misses:u #    1.019 M/sec                    (35.82%)
         1,179,214      l2_cache_hits_from_dc_misses:u   #    1.573 M/sec                    (36.19%)
           531,343      l2_cache_hits_from_ic_misses:u   #  708.678 K/sec                    (36.36%)
           445,012      l2_cache_hits_from_l2_hwpf:u     #  593.534 K/sec                    (35.24%)
           772,513      l2_cache_misses_from_dc_misses:u #    1.030 M/sec                    (34.70%)
           106,103      l2_cache_misses_from_ic_miss:u   #  141.515 K/sec                    (35.08%)
           118,759      l2_dtlb_misses:u                 #  158.395 K/sec                    (35.48%)
             4,317      l2_itlb_misses:u                 #    5.758 K/sec                    (35.37%)
             2,160      sse_avx_stalls:u                 #    2.881 K/sec                    (35.13%)
     2,828,485,968      uops_dispatched:u                #    3.772 G/sec                    (35.41%)
     3,129,687,406      uops_retired:u                   #    4.174 G/sec                    (35.34%)
   <not supported>      l3_accesses:u                                               
   <not supported>      l3_misses:u                                                 
     1,516,506,598 ns   duration_time:u                  #    2.023 G/sec                  
     1,662,557,899      cpu-cycles:u                     #    2.217 GHz                      (34.96%)
     3,506,143,181      instructions:u                   #    2.11  insn per cycle           (34.29%)

       1.516506598 seconds time elapsed

       0.577292000 seconds user
       0.176394000 seconds sys


