# started on Thu Jun  5 18:14:26 2025


 Performance counter stats for '../bin/ex2_parallel_weak_n2_sum.out':

     1,221,763,367      all_dc_accesses:u                #    2.512 G/sec                    (34.05%)
            486.40 msec task-clock:u                     #    0.492 CPUs utilized          
                 0      context-switches:u               #    0.000 /sec                   
                 0      all_tlbs_flushed:u               #    0.000 /sec                     (34.53%)
         1,123,234      l1_dtlb_misses:u                 #    2.309 M/sec                    (34.54%)
         2,212,533      l2_cache_accesses_from_dc_misses:u #    4.549 M/sec                    (34.98%)
           529,997      l2_cache_accesses_from_ic_misses:u #    1.090 M/sec                    (36.39%)
         1,657,923      l2_cache_hits_from_dc_misses:u   #    3.409 M/sec                    (36.60%)
           193,784      l2_cache_hits_from_ic_misses:u   #  398.407 K/sec                    (36.18%)
           350,124      l2_cache_hits_from_l2_hwpf:u     #  719.832 K/sec                    (35.80%)
           475,528      l2_cache_misses_from_dc_misses:u #  977.655 K/sec                    (35.98%)
           108,226      l2_cache_misses_from_ic_miss:u   #  222.506 K/sec                    (36.34%)
            40,718      l2_dtlb_misses:u                 #   83.714 K/sec                    (35.51%)
            10,176      l2_itlb_misses:u                 #   20.921 K/sec                    (35.53%)
             2,015      sse_avx_stalls:u                 #    4.143 K/sec                    (35.38%)
     2,187,219,070      uops_dispatched:u                #    4.497 G/sec                    (35.39%)
     2,459,775,332      uops_retired:u                   #    5.057 G/sec                    (35.34%)
   <not supported>      l3_accesses:u                                               
   <not supported>      l3_misses:u                                                 
       988,343,151 ns   duration_time:u                  #    2.032 G/sec                  
     1,125,597,326      cpu-cycles:u                     #    2.314 GHz                      (33.83%)
     3,441,816,540      instructions:u                   #    3.06  insn per cycle           (33.62%)

       0.988343151 seconds time elapsed

       0.362567000 seconds user
       0.127096000 seconds sys


