# started on Thu Jun  5 18:14:17 2025


 Performance counter stats for '../bin/ex2_parallel_weak_n2_sum.out':

     1,518,691,205      all_dc_accesses:u                #    2.518 G/sec                    (34.19%)
            603.20 msec task-clock:u                     #    0.493 CPUs utilized          
                 0      context-switches:u               #    0.000 /sec                   
                 0      all_tlbs_flushed:u               #    0.000 /sec                     (33.76%)
         1,065,799      l1_dtlb_misses:u                 #    1.767 M/sec                    (35.06%)
         1,737,901      l2_cache_accesses_from_dc_misses:u #    2.881 M/sec                    (34.52%)
           415,172      l2_cache_accesses_from_ic_misses:u #  688.286 K/sec                    (35.44%)
         1,115,656      l2_cache_hits_from_dc_misses:u   #    1.850 M/sec                    (35.64%)
           565,195      l2_cache_hits_from_ic_misses:u   #  937.000 K/sec                    (36.40%)
            52,123      l2_cache_hits_from_l2_hwpf:u     #   86.411 K/sec                    (36.56%)
            78,241      l2_cache_misses_from_dc_misses:u #  129.711 K/sec                    (36.35%)
            89,018      l2_cache_misses_from_ic_miss:u   #  147.577 K/sec                    (36.38%)
            14,525      l2_dtlb_misses:u                 #   24.080 K/sec                    (35.58%)
             4,644      l2_itlb_misses:u                 #    7.699 K/sec                    (35.57%)
                56      sse_avx_stalls:u                 #   92.839 /sec                     (35.35%)
     4,385,808,814      uops_dispatched:u                #    7.271 G/sec                    (34.54%)
     4,367,667,190      uops_retired:u                   #    7.241 G/sec                    (35.05%)
   <not supported>      l3_accesses:u                                               
   <not supported>      l3_misses:u                                                 
     1,223,936,649 ns   duration_time:u                  #    2.029 G/sec                  
     1,554,131,472      cpu-cycles:u                     #    2.576 GHz                      (34.90%)
     6,677,812,566      instructions:u                   #    4.30  insn per cycle           (34.72%)

       1.223936649 seconds time elapsed

       0.523365000 seconds user
       0.084082000 seconds sys


