# started on Thu Jun  5 18:14:30 2025


 Performance counter stats for '../bin/ex2_parallel_weak_n2_sum.out':

     5,507,159,395      all_dc_accesses:u                #    2.241 G/sec                    (35.12%)
          2,457.42 msec task-clock:u                     #    0.498 CPUs utilized          
                 0      context-switches:u               #    0.000 /sec                   
                 0      all_tlbs_flushed:u               #    0.000 /sec                     (35.45%)
         1,833,628      l1_dtlb_misses:u                 #  746.161 K/sec                    (35.67%)
        10,885,659      l2_cache_accesses_from_dc_misses:u #    4.430 M/sec                    (35.70%)
         1,088,323      l2_cache_accesses_from_ic_misses:u #  442.873 K/sec                    (35.73%)
         3,193,235      l2_cache_hits_from_dc_misses:u   #    1.299 M/sec                    (35.71%)
           807,928      l2_cache_hits_from_ic_misses:u   #  328.771 K/sec                    (35.60%)
         2,132,244      l2_cache_hits_from_l2_hwpf:u     #  867.677 K/sec                    (35.39%)
         3,852,909      l2_cache_misses_from_dc_misses:u #    1.568 M/sec                    (35.38%)
           107,784      l2_cache_misses_from_ic_miss:u   #   43.861 K/sec                    (35.45%)
           957,705      l2_dtlb_misses:u                 #  389.720 K/sec                    (35.06%)
             7,103      l2_itlb_misses:u                 #    2.890 K/sec                    (35.13%)
             1,967      sse_avx_stalls:u                 #  800.434 /sec                     (35.01%)
     8,797,456,519      uops_dispatched:u                #    3.580 G/sec                    (35.01%)
    10,258,527,579      uops_retired:u                   #    4.175 G/sec                    (34.79%)
   <not supported>      l3_accesses:u                                               
   <not supported>      l3_misses:u                                                 
     4,931,234,268 ns   duration_time:u                  #    2.007 G/sec                  
     4,741,573,515      cpu-cycles:u                     #    1.929 GHz                      (34.73%)
    10,631,616,749      instructions:u                   #    2.24  insn per cycle           (35.06%)

       4.931234268 seconds time elapsed

       1.530154000 seconds user
       0.931747000 seconds sys


