# started on Thu Jun  5 18:14:45 2025


 Performance counter stats for '../bin/ex2_parallel_weak_n2_sum.out':

    31,618,536,005      all_dc_accesses:u                #    3.013 G/sec                    (35.30%)
         10,494.60 msec task-clock:u                     #    0.499 CPUs utilized          
                 0      context-switches:u               #    0.000 /sec                   
                 0      all_tlbs_flushed:u               #    0.000 /sec                     (35.33%)
         3,680,396      l1_dtlb_misses:u                 #  350.694 K/sec                    (35.34%)
        34,943,994      l2_cache_accesses_from_dc_misses:u #    3.330 M/sec                    (35.31%)
         1,929,422      l2_cache_accesses_from_ic_misses:u #  183.849 K/sec                    (35.34%)
        11,921,390      l2_cache_hits_from_dc_misses:u   #    1.136 M/sec                    (35.37%)
         1,742,696      l2_cache_hits_from_ic_misses:u   #  166.056 K/sec                    (35.39%)
         2,034,567      l2_cache_hits_from_l2_hwpf:u     #  193.868 K/sec                    (35.35%)
        14,559,937      l2_cache_misses_from_dc_misses:u #    1.387 M/sec                    (35.36%)
           131,199      l2_cache_misses_from_ic_miss:u   #   12.502 K/sec                    (35.32%)
         2,253,078      l2_dtlb_misses:u                 #  214.689 K/sec                    (35.28%)
            12,800      l2_itlb_misses:u                 #    1.220 K/sec                    (35.20%)
             2,980      sse_avx_stalls:u                 #  283.956 /sec                     (35.19%)
    52,035,130,766      uops_dispatched:u                #    4.958 G/sec                    (35.19%)
    59,927,544,817      uops_retired:u                   #    5.710 G/sec                    (35.23%)
   <not supported>      l3_accesses:u                                               
   <not supported>      l3_misses:u                                                 
    21,010,613,818 ns   duration_time:u                  #    2.002 G/sec                  
    25,045,749,322      cpu-cycles:u                     #    2.387 GHz                      (35.25%)
    56,629,596,818      instructions:u                   #    2.26  insn per cycle           (35.26%)

      21.010613818 seconds time elapsed

       8.396706000 seconds user
       2.102917000 seconds sys


