# started on Thu Jun  5 18:14:25 2025


 Performance counter stats for '../bin/ex2_parallel_weak_n2_sum.out':

     1,027,599,181      all_dc_accesses:u                #    2.177 G/sec                    (33.35%)
            471.92 msec task-clock:u                     #    0.493 CPUs utilized          
                 0      context-switches:u               #    0.000 /sec                   
                 0      all_tlbs_flushed:u               #    0.000 /sec                     (34.08%)
         1,081,465      l1_dtlb_misses:u                 #    2.292 M/sec                    (35.32%)
         1,365,213      l2_cache_accesses_from_dc_misses:u #    2.893 M/sec                    (36.58%)
           728,587      l2_cache_accesses_from_ic_misses:u #    1.544 M/sec                    (36.91%)
           975,389      l2_cache_hits_from_dc_misses:u   #    2.067 M/sec                    (36.91%)
           306,785      l2_cache_hits_from_ic_misses:u   #  650.073 K/sec                    (37.28%)
            19,602      l2_cache_hits_from_l2_hwpf:u     #   41.536 K/sec                    (36.69%)
            76,734      l2_cache_misses_from_dc_misses:u #  162.598 K/sec                    (36.18%)
            66,143      l2_cache_misses_from_ic_miss:u   #  140.156 K/sec                    (35.45%)
             5,376      l2_dtlb_misses:u                 #   11.392 K/sec                    (35.26%)
             2,198      l2_itlb_misses:u                 #    4.658 K/sec                    (35.26%)
             1,003      sse_avx_stalls:u                 #    2.125 K/sec                    (34.59%)
     2,638,173,408      uops_dispatched:u                #    5.590 G/sec                    (34.84%)
     2,739,965,436      uops_retired:u                   #    5.806 G/sec                    (33.86%)
   <not supported>      l3_accesses:u                                               
   <not supported>      l3_misses:u                                                 
       958,074,623 ns   duration_time:u                  #    2.030 G/sec                  
     1,086,287,578      cpu-cycles:u                     #    2.302 GHz                      (33.72%)
     2,715,350,476      instructions:u                   #    2.50  insn per cycle           (33.71%)

       0.958074623 seconds time elapsed

       0.388008000 seconds user
       0.091063000 seconds sys


