# started on Thu Jun  5 18:15:36 2025


 Performance counter stats for '../bin/ex2_parallel_weak_n2_sum.out':

     1,033,855,632      all_dc_accesses:u                #    2.497 G/sec                    (30.42%)
            414.09 msec task-clock:u                     #    0.497 CPUs utilized          
                 0      context-switches:u               #    0.000 /sec                   
                 0      all_tlbs_flushed:u               #    0.000 /sec                     (30.42%)
         1,185,538      l1_dtlb_misses:u                 #    2.863 M/sec                    (31.98%)
         1,623,658      l2_cache_accesses_from_dc_misses:u #    3.921 M/sec                    (32.98%)
           719,394      l2_cache_accesses_from_ic_misses:u #    1.737 M/sec                    (33.96%)
         1,160,666      l2_cache_hits_from_dc_misses:u   #    2.803 M/sec                    (34.50%)
           415,524      l2_cache_hits_from_ic_misses:u   #    1.003 M/sec                    (35.78%)
            67,537      l2_cache_hits_from_l2_hwpf:u     #  163.096 K/sec                    (36.35%)
            97,875      l2_cache_misses_from_dc_misses:u #  236.359 K/sec                    (35.46%)
            79,835      l2_cache_misses_from_ic_miss:u   #  192.794 K/sec                    (38.02%)
             9,685      l2_dtlb_misses:u                 #   23.388 K/sec                    (41.00%)
             8,770      l2_itlb_misses:u                 #   21.179 K/sec                    (40.29%)
             1,143      sse_avx_stalls:u                 #    2.760 K/sec                    (39.87%)
     2,213,073,810      uops_dispatched:u                #    5.344 G/sec                    (37.54%)
     2,489,892,074      uops_retired:u                   #    6.013 G/sec                    (37.36%)
   <not supported>      l3_accesses:u                                               
   <not supported>      l3_misses:u                                                 
       832,388,250 ns   duration_time:u                  #    2.010 G/sec                  
       905,583,787      cpu-cycles:u                     #    2.187 GHz                      (33.79%)
     3,374,476,667      instructions:u                   #    3.73  insn per cycle           (30.27%)

       0.832388250 seconds time elapsed

       0.301061000 seconds user
       0.117806000 seconds sys


