# started on Thu Jun  5 18:14:40 2025


 Performance counter stats for '../bin/ex2_parallel_weak_n2_sum.out':

     5,937,014,935      all_dc_accesses:u                #    2.545 G/sec                    (35.10%)
          2,333.07 msec task-clock:u                     #    0.498 CPUs utilized          
                 0      context-switches:u               #    0.000 /sec                   
                 0      all_tlbs_flushed:u               #    0.000 /sec                     (35.26%)
         1,733,488      l1_dtlb_misses:u                 #  743.006 K/sec                    (35.44%)
        59,279,594      l2_cache_accesses_from_dc_misses:u #   25.408 M/sec                    (35.46%)
           780,715      l2_cache_accesses_from_ic_misses:u #  334.629 K/sec                    (35.64%)
        52,713,603      l2_cache_hits_from_dc_misses:u   #   22.594 M/sec                    (35.81%)
           505,230      l2_cache_hits_from_ic_misses:u   #  216.551 K/sec                    (35.72%)
           472,530      l2_cache_hits_from_l2_hwpf:u     #  202.535 K/sec                    (35.43%)
         3,409,874      l2_cache_misses_from_dc_misses:u #    1.462 M/sec                    (35.39%)
            71,957      l2_cache_misses_from_ic_miss:u   #   30.842 K/sec                    (35.26%)
           562,804      l2_dtlb_misses:u                 #  241.228 K/sec                    (35.08%)
             8,992      l2_itlb_misses:u                 #    3.854 K/sec                    (35.02%)
             1,868      sse_avx_stalls:u                 #  800.660 /sec                     (34.99%)
     9,439,543,466      uops_dispatched:u                #    4.046 G/sec                    (35.12%)
    10,815,396,860      uops_retired:u                   #    4.636 G/sec                    (35.09%)
   <not supported>      l3_accesses:u                                               
   <not supported>      l3_misses:u                                                 
     4,681,204,548 ns   duration_time:u                  #    2.006 G/sec                  
     5,085,895,665      cpu-cycles:u                     #    2.180 GHz                      (35.09%)
    11,139,993,794      instructions:u                   #    2.19  insn per cycle           (35.09%)

       4.681204548 seconds time elapsed

       1.682869000 seconds user
       0.655914000 seconds sys


