# started on Thu Jun  5 18:14:37 2025


 Performance counter stats for '../bin/ex2_parallel_weak_n2_sum.out':

     1,865,868,042      all_dc_accesses:u                #    2.550 G/sec                    (33.38%)
            731.68 msec task-clock:u                     #    0.507 CPUs utilized          
                 0      context-switches:u               #    0.000 /sec                   
                 0      all_tlbs_flushed:u               #    0.000 /sec                     (34.27%)
         1,123,989      l1_dtlb_misses:u                 #    1.536 M/sec                    (34.80%)
         4,134,241      l2_cache_accesses_from_dc_misses:u #    5.650 M/sec                    (35.35%)
           477,565      l2_cache_accesses_from_ic_misses:u #  652.695 K/sec                    (35.89%)
         2,088,072      l2_cache_hits_from_dc_misses:u   #    2.854 M/sec                    (36.35%)
           139,906      l2_cache_hits_from_ic_misses:u   #  191.212 K/sec                    (36.24%)
            11,233      l2_cache_hits_from_l2_hwpf:u     #   15.352 K/sec                    (35.90%)
           111,278      l2_cache_misses_from_dc_misses:u #  152.085 K/sec                    (36.92%)
            84,049      l2_cache_misses_from_ic_miss:u   #  114.871 K/sec                    (36.88%)
            43,850      l2_dtlb_misses:u                 #   59.930 K/sec                    (37.09%)
             8,182      l2_itlb_misses:u                 #   11.182 K/sec                    (36.36%)
             2,762      sse_avx_stalls:u                 #    3.775 K/sec                    (35.84%)
     3,241,570,759      uops_dispatched:u                #    4.430 G/sec                    (35.27%)
     3,665,592,413      uops_retired:u                   #    5.010 G/sec                    (33.74%)
   <not supported>      l3_accesses:u                                               
   <not supported>      l3_misses:u                                                 
     1,443,460,604 ns   duration_time:u                  #    1.973 G/sec                  
     1,727,460,115      cpu-cycles:u                     #    2.361 GHz                      (33.24%)
     4,511,640,492      instructions:u                   #    2.61  insn per cycle           (32.49%)

       1.443460604 seconds time elapsed

       0.614374000 seconds user
       0.117159000 seconds sys


